Determining if the pthread_create exist failed with the following output:
Change Dir: /mnt/c/softwareengineeringfs2020templaterepository/build/CMakeFiles/CMakeTmp

Run Build Command:"/usr/bin/make" "cmTC_9a740/fast"
/usr/bin/make -f CMakeFiles/cmTC_9a740.dir/build.make CMakeFiles/cmTC_9a740.dir/build
make[1]: Entering directory '/mnt/c/softwareengineeringfs2020templaterepository/build/CMakeFiles/CMakeTmp'
Building C object CMakeFiles/cmTC_9a740.dir/CheckSymbolExists.c.o
/usr/bin/cc    -o CMakeFiles/cmTC_9a740.dir/CheckSymbolExists.c.o   -c /mnt/c/softwareengineeringfs2020templaterepository/build/CMakeFiles/CMakeTmp/CheckSymbolExists.c
Linking C executable cmTC_9a740
/usr/bin/cmake -E cmake_link_script CMakeFiles/cmTC_9a740.dir/link.txt --verbose=1
/usr/bin/cc      -rdynamic CMakeFiles/cmTC_9a740.dir/CheckSymbolExists.c.o  -o cmTC_9a740 
CMakeFiles/cmTC_9a740.dir/CheckSymbolExists.c.o: In function `main':
CheckSymbolExists.c:(.text+0x1b): undefined reference to `pthread_create'
collect2: error: ld returned 1 exit status
CMakeFiles/cmTC_9a740.dir/build.make:97: recipe for target 'cmTC_9a740' failed
make[1]: *** [cmTC_9a740] Error 1
make[1]: Leaving directory '/mnt/c/softwareengineeringfs2020templaterepository/build/CMakeFiles/CMakeTmp'
Makefile:126: recipe for target 'cmTC_9a740/fast' failed
make: *** [cmTC_9a740/fast] Error 2

File /mnt/c/softwareengineeringfs2020templaterepository/build/CMakeFiles/CMakeTmp/CheckSymbolExists.c:
/* */
#include <pthread.h>

int main(int argc, char** argv)
{
  (void)argv;
#ifndef pthread_create
  return ((int*)(&pthread_create))[argc];
#else
  (void)argc;
  return 0;
#endif
}

